<?xml version="1.0" encoding="utf-8" standalone="no"?>
<!--This file represents the results of running a test suite-->
<test-results name="C:\projetos\civilizationsWeb\civilizationsWeb\TestesUnitarios.nunit" total="1" errors="0" failures="0" not-run="0" inconclusive="0" ignored="0" skipped="0" invalid="0" date="2012-09-04" time="21:04:11">
  <environment nunit-version="2.6.1.12217" clr-version="2.0.50727.5456" os-version="Microsoft Windows NT 6.1.7601 Service Pack 1" platform="Win32NT" cwd="C:\Program Files\NUnit 2.6.1\bin" machine-name="DEH-PC" user="Deh" user-domain="Deh-PC" />
  <culture-info current-culture="en-US" current-uiculture="pt-BR" />
  <test-suite type="Project" name="C:\projetos\civilizationsWeb\civilizationsWeb\TestesUnitarios.nunit" executed="True" result="Success" success="True" time="0.113" asserts="0">
    <results>
      <test-suite type="Assembly" name="C:\projetos\civilizationsWeb\civilizationsWeb\bin\civilizationsWeb.dll" executed="True" result="Success" success="True" time="0.086" asserts="0">
        <results>
          <test-suite type="Namespace" name="civilizationsWeb" executed="True" result="Success" success="True" time="0.081" asserts="0">
            <results>
              <test-suite type="Namespace" name="Test" executed="True" result="Success" success="True" time="0.078" asserts="0">
                <results>
                  <test-suite type="TestFixture" name="JogoTest" executed="True" result="Success" success="True" time="0.065" asserts="0">
                    <results>
                      <test-case name="civilizationsWeb.Test.JogoTest.Criação_De_Jogo" executed="True" result="Success" success="True" time="0.015" asserts="0" />
                    </results>
                  </test-suite>
                </results>
              </test-suite>
            </results>
          </test-suite>
        </results>
      </test-suite>
    </results>
  </test-suite>
</test-results>